test_forward_shape (test_model.ModelTests) ... ok
test_forward_zero (test_model.ModelTests) ... ok
test_loss_backward_no_loss (test_model.ModelTests) ... ok
test_loss_backward_no_reg (test_model.ModelTests) ... ok
test_loss_no_loss (test_model.ModelTests) ... ok
test_loss_no_reg (test_model.ModelTests) ... ok
test_no_loss_with_reg (test_model.ModelTests) ... ok
test_analytic (test_analytic.ModelTests) ... /home/cs446grader/autograder/mp2_programming/submissions/tjyou2/train_eval_model.py:38: RuntimeWarning: invalid value encountered in true_divide
  data[0] = 1. * (data[0] - x_min) / (x_max - x_min)
ERROR
test_first_row (test_io.IoToolsTests) ... ok
test_one_hot (test_io.IoToolsTests) ... ok
test_read_dataset_not_none (test_io.IoToolsTests) ... ok

======================================================================
ERROR: test_analytic (test_analytic.ModelTests)
----------------------------------------------------------------------
Traceback (most recent call last):
  File "/home/cs446grader/autograder/mp2_programming/submissions/tjyou2/tests_autograder/test_analytic.py", line 14, in test_analytic
    train_eval_model.train_model_analytic(processed_dataset, model)
  File "/home/cs446grader/autograder/mp2_programming/submissions/tjyou2/train_eval_model.py", line 142, in train_model_analytic
    pseudo_inv = np.linalg.pinv(_x.T.dot(_x) + regularize)
  File "/home/cs446grader/grading_env/lib/python3.4/site-packages/numpy/linalg/linalg.py", line 1724, in pinv
    u, s, vt = svd(a, full_matrices=False)
  File "/home/cs446grader/grading_env/lib/python3.4/site-packages/numpy/linalg/linalg.py", line 1444, in svd
    u, s, vh = gufunc(a, signature=signature, extobj=extobj)
  File "/home/cs446grader/grading_env/lib/python3.4/site-packages/numpy/linalg/linalg.py", line 98, in _raise_linalgerror_svd_nonconvergence
    raise LinAlgError("SVD did not converge")
numpy.linalg.linalg.LinAlgError: SVD did not converge

----------------------------------------------------------------------
Ran 11 tests in 0.010s

FAILED (errors=1)
